<?xml version="1.0" encoding="UTF-8"?>
<testsuites name="New Test Suite 1" time="29.621" tests="1" failures="0" errors="0">
   <testsuite name="New Test Suite 1" tests="1" failures="0" errors="0" time="29.621" skipped="0" timestamp="2023-01-11 19:07:17" hostname="laksh - DESKTOP-GL5Q3SC" id="Test Suites/New Test Suite 1">
      <properties>
         <property name="deviceName" value=""/>
         <property name="devicePlatform" value=""/>
         <property name="logFolder" value="C:\\Users\\laksh\\git\\katalon-studio-project\\Reports\\20230111_190710\\New Test Suite 1\\20230111_190710"/>
         <property name="logFiles" value="C:\\Users\\laksh\\git\\katalon-studio-project\\Reports\\20230111_190710\\New Test Suite 1\\20230111_190710\\execution0.log"/>
         <property name="attachments" value=""/>
         <property name="hostName" value="laksh - DESKTOP-GL5Q3SC"/>
         <property name="os" value="Windows 10 64bit"/>
         <property name="katalonVersion" value="8.3.0.208"/>
         <property name="browser" value="Firefox 108.0"/>
         <property name="hostAddress" value="192.168.80.1"/>
         <property name="sessionId" value="8321bbd2-a9b5-4166-94b3-dcc561160e7b"/>
         <property name="seleniumVersion" value="3.141.59"/>
         <property name="proxyInformation" value="ProxyInformation { proxyOption=NO_PROXY, proxyServerType=HTTP, username=, password=********, proxyServerAddress=, proxyServerPort=0, executionList=&quot;&quot;, isApplyToDesiredCapabilities=true }"/>
         <property name="platform" value="Windows 10"/>
      </properties>
      <testcase name="Test Cases/New Test Case" time="29.231" classname="Test Cases/New Test Case" status="PASSED">
         <system-out><![CDATA[2023-01-11 19:07:17 - [TEST_CASE][PASSED] - Test Cases/New Test Case: Test Cases/New Test Case

2023-01-11 19:07:18 - [TEST_STEP][PASSED] - openBrowser(""): Browser is opened with url: ''

2023-01-11 19:07:18 - [MESSAGE][INFO] - Starting 'Firefox' driver

2023-01-11 19:07:18 - [MESSAGE][INFO] - Action delay is set to 0 milliseconds

2023-01-11 19:07:22 - [MESSAGE][PASSED] - Browser is opened with url: ''

2023-01-11 19:07:22 - [TEST_STEP][PASSED] - navigateToUrl("https://opensource-demo.orangehrmlive.com/web/index.php/auth/login"): Navigate to 'https://opensource-demo.orangehrmlive.com/web/index.php/auth/login' successfully

2023-01-11 19:07:29 - [MESSAGE][PASSED] - Navigate to 'https://opensource-demo.orangehrmlive.com/web/index.php/auth/login' successfully

2023-01-11 19:07:29 - [TEST_STEP][PASSED] - setText(findTestObject("Object Repository/Page_OrangeHRM/input_Username_username"), "admin"): Text 'admin' is set on object 'Object Repository/Page_OrangeHRM/input_Username_username'

2023-01-11 19:07:34 - [MESSAGE][PASSED] - Text 'admin' is set on object 'Object Repository/Page_OrangeHRM/input_Username_username'

2023-01-11 19:07:34 - [TEST_STEP][PASSED] - setEncryptedText(findTestObject("Object Repository/Page_OrangeHRM/input_Password_password"), "hUKwJTbofgPU9eVlw/CnDQ=="): Text ****** has been set on object 'Object Repository/Page_OrangeHRM/input_Password_password'

2023-01-11 19:07:36 - [MESSAGE][PASSED] - Text ****** has been set on object 'Object Repository/Page_OrangeHRM/input_Password_password'

2023-01-11 19:07:36 - [TEST_STEP][PASSED] - click(findTestObject("Object Repository/Page_OrangeHRM/button_Login")): Object: 'Object Repository/Page_OrangeHRM/button_Login' is clicked on

2023-01-11 19:07:39 - [MESSAGE][PASSED] - Object: 'Object Repository/Page_OrangeHRM/button_Login' is clicked on

2023-01-11 19:07:39 - [TEST_STEP][PASSED] - click(findTestObject("Object Repository/Page_OrangeHRM/p_Paul Collings")): Object: 'Object Repository/Page_OrangeHRM/p_Paul Collings' is clicked on

2023-01-11 19:07:44 - [MESSAGE][PASSED] - Object: 'Object Repository/Page_OrangeHRM/p_Paul Collings' is clicked on

2023-01-11 19:07:44 - [TEST_STEP][PASSED] - click(findTestObject("Object Repository/Page_OrangeHRM/a_Logout")): Object: 'Object Repository/Page_OrangeHRM/a_Logout' is clicked on

2023-01-11 19:07:47 - [MESSAGE][PASSED] - Object: 'Object Repository/Page_OrangeHRM/a_Logout' is clicked on]]></system-out>
         <system-err><![CDATA[]]></system-err>
      </testcase>
      <system-out><![CDATA[2023-01-11 19:07:17 - [TEST_SUITE][PASSED] - New Test Suite 1: Test Cases/New Test Case]]></system-out>
      <system-err><![CDATA[]]></system-err>
   </testsuite>
</testsuites>
